2026-05-24;propiedad=prop001;usuario=ana;mensaje=hola
2026-05-24;propiedad=prop002;usuario=ana;mensaje=
2026-05-24;propiedad=prop002;usuario=ana;mensaje=holis
2026-05-25;propiedad=prop002;usuario=juan;mensaje=Hola estoy interesado en la finca
2026-05-25;propiedad=prop002;usuario=juan;mensaje=Hola estoy interesado en la finca
prop002;juan;Hola estoy interesado en la finca
2026-05-25;propiedad=prop001;usuario=juan;mensaje=Hola estoy interesado
2026-05-25;propiedad=prop001;usuario=juan;mensaje=Hola estoy interesado
prop001;juan;Hola estoy interesado
2026-05-25;propiedad=prop002;usuario=juan;mensaje=
2026-05-25;propiedad=prop002;usuario=juan;mensaje=
prop002;juan;
2026-05-25;propiedad=prop001;usuario=juan;mensaje=hola estoy interesado
2026-05-25;propiedad=prop001;usuario=juan;mensaje=hola estoy interesado
2026-05-25;propiedad=prop001;usuario=juan;mensaje=hola estoy interesado
2026-05-25;propiedad=prop001;usuario=juan;mensaje=hola estoy interesado
2026-05-25;propiedad=prop001;usuario=juan;mensaje=hola estoy interesado
2026-05-25;propiedad=prop001;usuario=juan;mensaje=hola estoy interesado
2026-05-25;propiedad=prop001;usuario=juan;mensaje=hola estoy interesado
2026-05-25;propiedad=prop001;usuario=juan;mensaje=hola estoy interesado
2026-05-25;propiedad=prop001;usuario=juan;mensaje=hola estoy interesado
2026-05-25;propiedad=prop001;usuario=juan;mensaje=hola estoy interesado
2026-05-25;propiedad=prop001;usuario=juan;mensaje=hola tu
2026-05-25;propiedad=prop001;usuario=juan;mensaje=hola tu
2026-05-25;propiedad=prop001;usuario=juan;mensaje=hola tu
2026-05-25;propiedad=prop001;usuario=juan;mensaje=hola tu
2026-05-25;propiedad=prop001;usuario=juan;mensaje=hola tu
prop001;juan;hola tu
2026-05-25;propiedad=prop002;usuario=juan;mensaje=
prop002;juan;
2026-05-25;propiedad=prop002;usuario=juan;mensaje=
prop002;juan;
2026-05-25;propiedad=prop002;usuario=juan;mensaje=hola tu
prop002;juan;hola tu
